[Audit Progress] Starting analysis for https://madebymary.com/
[Audit Progress] Rendering page https://madebymary.com/...
[Renderer] Starting render for https://madebymary.com/
[Renderer] Navigating to https://madebymary.com/...
[Renderer] Navigation complete. Status: 200
[Audit Progress] Page rendered successfully. Status: 200, HTML length: 595977
[Audit Progress] Starting analysis for https://madebymary.com/collections/all-jewelry
[Audit Progress] Rendering page https://madebymary.com/collections/all-jewelry...
[Renderer] Starting render for https://madebymary.com/collections/all-jewelry
[Renderer] Navigating to https://madebymary.com/collections/all-jewelry...
[Renderer] Navigation complete. Status: 200
[Audit Progress] Page rendered successfully. Status: 200, HTML length: 1482723
[Audit Progress] Starting analysis for https://madebymary.com/products/cz-poppy-tennis-necklace
[Audit Progress] Rendering page https://madebymary.com/products/cz-poppy-tennis-necklace...
[Renderer] Starting render for https://madebymary.com/products/cz-poppy-tennis-necklace
[Renderer] Navigating to https://madebymary.com/products/cz-poppy-tennis-necklace...
[Renderer] Navigation complete. Status: 200
[Audit Progress] Page rendered successfully. Status: 200, HTML length: 497659
[Audit Progress] Starting analysis for https://madebymary.com/pages/black-friday-cyber-monday
[Audit Progress] Rendering page https://madebymary.com/pages/black-friday-cyber-monday...
[Renderer] Starting render for https://madebymary.com/pages/black-friday-cyber-monday
[Renderer] Navigating to https://madebymary.com/pages/black-friday-cyber-monday...
[Renderer] Navigation complete. Status: 200
[Audit Progress] Page rendered successfully. Status: 200, HTML length: 690093
[Audit Progress] Starting analysis for https://madebymary.com/products/cz-poppy-eternity-stacking-ring?Color=Gold+Vermeil
[Audit Progress] Rendering page https://madebymary.com/products/cz-poppy-eternity-stacking-ring?Color=Gold+Vermeil...
[Renderer] Starting render for https://madebymary.com/products/cz-poppy-eternity-stacking-ring?Color=Gold+Vermeil
[Renderer] Navigating to https://madebymary.com/products/cz-poppy-eternity-stacking-ring?Color=Gold+Vermeil...
[Renderer] Navigation complete. Status: 200
[Audit Progress] Page rendered successfully. Status: 200, HTML length: 569842
[Renderer] Starting render for https://madebymary.com/
[Renderer] Starting render for https://madebymary.com/collections/all-jewelry
[Renderer] Starting render for https://madebymary.com/products/cz-poppy-tennis-necklace
[Renderer] Starting render for https://madebymary.com/pages/black-friday-cyber-monday
[Renderer] Starting render for https://madebymary.com/products/cz-poppy-eternity-stacking-ring?Color=Gold+Vermeil
[Renderer] Navigating to https://madebymary.com/...
[Renderer] Navigating to https://madebymary.com/collections/all-jewelry...
[Renderer] Navigating to https://madebymary.com/products/cz-poppy-tennis-necklace...
[Renderer] Navigating to https://madebymary.com/pages/black-friday-cyber-monday...
[Renderer] Navigating to https://madebymary.com/products/cz-poppy-eternity-stacking-ring?Color=Gold+Vermeil...
[Renderer] Navigating to https://madebymary.com/collections/all-jewelry...
[Renderer] Navigating to https://madebymary.com/pages/black-friday-cyber-monday...
[Renderer] Navigating to https://madebymary.com/products/cz-poppy-tennis-necklace...
[Renderer] Navigating to https://madebymary.com/products/cz-poppy-eternity-stacking-ring?Color=Gold+Vermeil...
[Renderer] Navigating to https://madebymary.com/...
[Renderer] Navigation complete. Status: 200
[Renderer] Navigation complete. Status: 200
[Renderer] Navigation complete. Status: 200
[Renderer] Navigation complete. Status: 200
[Renderer] Navigation complete. Status: 200
[Audit Progress] Starting analysis for https://madebymary.com/
[Audit Progress] Rendering page https://madebymary.com/...
[Renderer] Starting render for https://madebymary.com/
[Renderer] Navigating to https://madebymary.com/...
[Renderer] Navigation complete. Status: 200
[Audit Progress] Page rendered successfully. Status: 200, HTML length: 607891
[Audit Progress] Starting analysis for https://madebymary.com/collections/all-jewelry
[Audit Progress] Rendering page https://madebymary.com/collections/all-jewelry...
[Renderer] Starting render for https://madebymary.com/collections/all-jewelry
[Renderer] Navigating to https://madebymary.com/collections/all-jewelry...
[Renderer] Navigation complete. Status: 200
[Audit Progress] Page rendered successfully. Status: 200, HTML length: 1495756
[Audit Progress] Starting analysis for https://madebymary.com/products/cz-poppy-tennis-necklace
[Audit Progress] Rendering page https://madebymary.com/products/cz-poppy-tennis-necklace...
[Renderer] Starting render for https://madebymary.com/products/cz-poppy-tennis-necklace
[Renderer] Navigating to https://madebymary.com/products/cz-poppy-tennis-necklace...
[Renderer] Navigation complete. Status: 200
[Audit Progress] Page rendered successfully. Status: 200, HTML length: 508034
[Audit Progress] Starting analysis for https://madebymary.com/pages/black-friday-cyber-monday
[Audit Progress] Rendering page https://madebymary.com/pages/black-friday-cyber-monday...
[Renderer] Starting render for https://madebymary.com/pages/black-friday-cyber-monday
[Renderer] Navigating to https://madebymary.com/pages/black-friday-cyber-monday...
[Renderer] Navigation complete. Status: 200
[Audit Progress] Page rendered successfully. Status: 200, HTML length: 701107
[Audit Progress] Starting analysis for https://madebymary.com/products/cz-poppy-eternity-stacking-ring?Color=Gold+Vermeil
[Audit Progress] Rendering page https://madebymary.com/products/cz-poppy-eternity-stacking-ring?Color=Gold+Vermeil...
[Renderer] Starting render for https://madebymary.com/products/cz-poppy-eternity-stacking-ring?Color=Gold+Vermeil
[Renderer] Navigating to https://madebymary.com/products/cz-poppy-eternity-stacking-ring?Color=Gold+Vermeil...
[Renderer] Navigation complete. Status: 200
[Audit Progress] Page rendered successfully. Status: 200, HTML length: 579057
[Audit Progress] Starting analysis for https://madebymary.com/products/november-birthstone-stacking-ring?Color=Gold+Vermeil
[Audit Progress] Rendering page https://madebymary.com/products/november-birthstone-stacking-ring?Color=Gold+Vermeil...
[Renderer] Starting render for https://madebymary.com/products/november-birthstone-stacking-ring?Color=Gold+Vermeil
[Renderer] Navigating to https://madebymary.com/products/november-birthstone-stacking-ring?Color=Gold+Vermeil...
[Renderer] Navigation complete. Status: 200
[Audit Progress] Page rendered successfully. Status: 200, HTML length: 1015898
[Audit Progress] Starting analysis for https://madebymary.com/products/sol-ring?Color=Gold+Plated
[Audit Progress] Rendering page https://madebymary.com/products/sol-ring?Color=Gold+Plated...
[Renderer] Starting render for https://madebymary.com/products/sol-ring?Color=Gold+Plated
[Renderer] Navigating to https://madebymary.com/products/sol-ring?Color=Gold+Plated...
[Renderer] Navigation complete. Status: 200
[Audit Progress] Page rendered successfully. Status: 200, HTML length: 571167
[Audit Progress] Starting analysis for https://madebymary.com/products/poppy-ring?Color=Gold+Filled
[Audit Progress] Rendering page https://madebymary.com/products/poppy-ring?Color=Gold+Filled...
[Renderer] Starting render for https://madebymary.com/products/poppy-ring?Color=Gold+Filled
[Renderer] Navigating to https://madebymary.com/products/poppy-ring?Color=Gold+Filled...
[Renderer] Navigation complete. Status: 200
[Audit Progress] Page rendered successfully. Status: 200, HTML length: 851690
[Audit Progress] Starting analysis for https://madebymary.com/products/november-birthstone-eternity-ring?Color=Gold+Vermeil
[Audit Progress] Rendering page https://madebymary.com/products/november-birthstone-eternity-ring?Color=Gold+Vermeil...
[Renderer] Starting render for https://madebymary.com/products/november-birthstone-eternity-ring?Color=Gold+Vermeil
[Renderer] Navigating to https://madebymary.com/products/november-birthstone-eternity-ring?Color=Gold+Vermeil...
[Renderer] Navigation complete. Status: 200
[Audit Progress] Page rendered successfully. Status: 200, HTML length: 942448
[Audit Progress] Starting analysis for https://madebymary.com/products/november-cz-birth-flower-eternity-ring?Color=Gold+Vermeil
[Audit Progress] Rendering page https://madebymary.com/products/november-cz-birth-flower-eternity-ring?Color=Gold+Vermeil...
[Renderer] Starting render for https://madebymary.com/products/november-cz-birth-flower-eternity-ring?Color=Gold+Vermeil
[Renderer] Navigating to https://madebymary.com/products/november-cz-birth-flower-eternity-ring?Color=Gold+Vermeil...
[Renderer] Navigation complete. Status: 200
[Audit Progress] Page rendered successfully. Status: 200, HTML length: 622110
[Renderer] Starting render for https://madebymary.com/
[Renderer] Starting render for https://madebymary.com/collections/all-jewelry
[Renderer] Starting render for https://madebymary.com/products/cz-poppy-tennis-necklace
[Renderer] Starting render for https://madebymary.com/pages/black-friday-cyber-monday
[Renderer] Starting render for https://madebymary.com/products/cz-poppy-eternity-stacking-ring?Color=Gold+Vermeil
[Renderer] Starting render for https://madebymary.com/products/november-birthstone-stacking-ring?Color=Gold+Vermeil
[Renderer] Starting render for https://madebymary.com/products/sol-ring?Color=Gold+Plated
[Renderer] Starting render for https://madebymary.com/products/poppy-ring?Color=Gold+Filled
[Renderer] Starting render for https://madebymary.com/products/november-birthstone-eternity-ring?Color=Gold+Vermeil
[Renderer] Starting render for https://madebymary.com/products/november-cz-birth-flower-eternity-ring?Color=Gold+Vermeil
[Renderer] Navigating to https://madebymary.com/...
[Renderer] Navigating to https://madebymary.com/collections/all-jewelry...
[Renderer] Navigating to https://madebymary.com/products/cz-poppy-tennis-necklace...
[Renderer] Navigating to https://madebymary.com/pages/black-friday-cyber-monday...
[Renderer] Navigating to https://madebymary.com/products/cz-poppy-eternity-stacking-ring?Color=Gold+Vermeil...
[Renderer] Navigating to https://madebymary.com/products/november-birthstone-stacking-ring?Color=Gold+Vermeil...
[Renderer] Navigating to https://madebymary.com/products/sol-ring?Color=Gold+Plated...
[Renderer] Navigating to https://madebymary.com/products/poppy-ring?Color=Gold+Filled...
[Renderer] Navigating to https://madebymary.com/products/november-birthstone-eternity-ring?Color=Gold+Vermeil...
[Renderer] Navigating to https://madebymary.com/products/november-cz-birth-flower-eternity-ring?Color=Gold+Vermeil...
[Renderer] Navigating to https://madebymary.com/products/november-birthstone-eternity-ring?Color=Gold+Vermeil...
[Renderer] Navigating to https://madebymary.com/collections/all-jewelry...
[Renderer] Navigating to https://madebymary.com/products/november-cz-birth-flower-eternity-ring?Color=Gold+Vermeil...
[Renderer] Navigating to https://madebymary.com/products/poppy-ring?Color=Gold+Filled...
[Renderer] Navigating to https://madebymary.com/products/cz-poppy-eternity-stacking-ring?Color=Gold+Vermeil...
[Renderer] Navigating to https://madebymary.com/products/sol-ring?Color=Gold+Plated...
[Renderer] Navigating to https://madebymary.com/...
[Renderer] Navigating to https://madebymary.com/products/cz-poppy-tennis-necklace...
[Renderer] Navigating to https://madebymary.com/pages/black-friday-cyber-monday...
[Renderer] Navigating to https://madebymary.com/products/november-birthstone-stacking-ring?Color=Gold+Vermeil...
[Renderer] Navigating to https://madebymary.com/products/sol-ring?Color=Gold+Plated...
[Renderer] Navigating to https://madebymary.com/collections/all-jewelry...
[Renderer] Navigation complete. Status: 200
[Renderer] Navigation complete. Status: 200
[Renderer] Navigation complete. Status: 200
[Renderer] Navigation complete. Status: 200
[Renderer] Navigation complete. Status: 200
[Renderer] Navigation complete. Status: 200
[Renderer] Navigation complete. Status: 200
[Renderer] Navigation complete. Status: 200
[Renderer] Navigation complete. Status: 200
[Renderer] Navigation complete. Status: 200
[Renderer] Navigating to https://madebymary.com/...
[Renderer] Navigating to https://madebymary.com/pages/black-friday-cyber-monday...
[Renderer] Navigating to https://madebymary.com/products/cz-poppy-tennis-necklace...
[Renderer] Navigating to https://madebymary.com/products/cz-poppy-eternity-stacking-ring?Color=Gold+Vermeil...
[Renderer] Navigating to https://madebymary.com/products/poppy-ring?Color=Gold+Filled...
[Renderer] Navigating to https://madebymary.com/products/november-cz-birth-flower-eternity-ring?Color=Gold+Vermeil...
[Renderer] Navigating to https://madebymary.com/products/november-birthstone-stacking-ring?Color=Gold+Vermeil...
[Renderer] Navigating to https://madebymary.com/products/november-birthstone-eternity-ring?Color=Gold+Vermeil...
[Renderer] Navigation complete. Status: 200
[Renderer] Navigation complete. Status: 200
[Renderer] Navigation complete. Status: 200
[Renderer] Navigation complete. Status: 200
[Renderer] Navigation complete. Status: 200
[Renderer] Navigation complete. Status: 200
[Renderer] Navigation complete. Status: 200
[Renderer] Navigation complete. Status: 200
[Audit Progress] Starting analysis for https://madebymary.com/
[Audit Progress] Rendering page https://madebymary.com/...
[Renderer] Starting render for https://madebymary.com/
[Renderer] Navigating to https://madebymary.com/...
[Renderer] Navigation complete. Status: 200
[Audit Progress] Page rendered successfully. Status: 200, HTML length: 607891
[Audit Progress] Starting analysis for https://madebymary.com/collections/all-jewelry
[Audit Progress] Rendering page https://madebymary.com/collections/all-jewelry...
[Renderer] Starting render for https://madebymary.com/collections/all-jewelry
[Renderer] Navigating to https://madebymary.com/collections/all-jewelry...
[Renderer] Navigation complete. Status: 200
[Audit Progress] Page rendered successfully. Status: 200, HTML length: 1495746
[Audit Progress] Starting analysis for https://madebymary.com/products/cz-poppy-tennis-necklace
[Audit Progress] Rendering page https://madebymary.com/products/cz-poppy-tennis-necklace...
[Renderer] Starting render for https://madebymary.com/products/cz-poppy-tennis-necklace
[Renderer] Navigating to https://madebymary.com/products/cz-poppy-tennis-necklace...
[Renderer] Navigation complete. Status: 200
[Audit Progress] Page rendered successfully. Status: 200, HTML length: 508034
[Audit Progress] Starting analysis for https://madebymary.com/pages/black-friday-cyber-monday
[Audit Progress] Rendering page https://madebymary.com/pages/black-friday-cyber-monday...
[Renderer] Starting render for https://madebymary.com/pages/black-friday-cyber-monday
[Renderer] Navigating to https://madebymary.com/pages/black-friday-cyber-monday...
[Renderer] Navigation complete. Status: 200
[Audit Progress] Page rendered successfully. Status: 200, HTML length: 701104
[Audit Progress] Starting analysis for https://madebymary.com/products/cz-poppy-eternity-stacking-ring?Color=Gold+Vermeil
[Audit Progress] Rendering page https://madebymary.com/products/cz-poppy-eternity-stacking-ring?Color=Gold+Vermeil...
[Renderer] Starting render for https://madebymary.com/products/cz-poppy-eternity-stacking-ring?Color=Gold+Vermeil
[Renderer] Navigating to https://madebymary.com/products/cz-poppy-eternity-stacking-ring?Color=Gold+Vermeil...
[Renderer] Navigation complete. Status: 200
[Audit Progress] Page rendered successfully. Status: 200, HTML length: 579121
[Renderer] Starting render for https://madebymary.com/
[Renderer] Starting render for https://madebymary.com/collections/all-jewelry
[Renderer] Starting render for https://madebymary.com/products/cz-poppy-tennis-necklace
[Renderer] Starting render for https://madebymary.com/pages/black-friday-cyber-monday
[Renderer] Starting render for https://madebymary.com/products/cz-poppy-eternity-stacking-ring?Color=Gold+Vermeil
[Renderer] Navigating to https://madebymary.com/...
[Renderer] Navigating to https://madebymary.com/collections/all-jewelry...
[Renderer] Navigating to https://madebymary.com/products/cz-poppy-tennis-necklace...
[Renderer] Navigating to https://madebymary.com/pages/black-friday-cyber-monday...
[Renderer] Navigating to https://madebymary.com/pages/black-friday-cyber-monday...
[Renderer] Navigating to https://madebymary.com/products/cz-poppy-eternity-stacking-ring?Color=Gold+Vermeil...
[Renderer] Navigating to https://madebymary.com/...
[Renderer] Navigating to https://madebymary.com/collections/all-jewelry...
[Renderer] Navigating to https://madebymary.com/products/cz-poppy-tennis-necklace...
[Renderer] Navigation complete. Status: 200
[Renderer] Navigation complete. Status: 200
[Renderer] Navigation complete. Status: 200
[Renderer] Navigation complete. Status: 200
[Renderer] Navigation complete. Status: 200
[Renderer] Navigating to https://madebymary.com/products/cz-poppy-tennis-necklace...
[Renderer] Navigating to https://madebymary.com/...
[Renderer] Navigating to https://madebymary.com/products/cz-poppy-eternity-stacking-ring?Color=Gold+Vermeil...
